<?xml version="1.0" encoding="UTF-8" ?>
<<<<<<< HEAD
<testsuite errors="0" failures="1" hostname="sabbani-Satellite-C660" name="qitabapp.TypeDocumentTests" tests="1" time="0.056" timestamp="2014-04-22T19:34:18">
  <properties />
  <testcase classname="qitabapp.TypeDocumentTests" name="testSomething" time="0.055">
    <failure message="junit.framework.AssertionFailedError: Implement me" type="junit.framework.AssertionFailedError">junit.framework.AssertionFailedError: junit.framework.AssertionFailedError: Implement me
	at qitabapp.TypeDocumentTests.testSomething(TypeDocumentTests.groovy:15)
</failure>
=======
<testsuite errors="1" failures="0" hostname="Ouss-PC" name="qitabapp.TypeDocumentTests" tests="1" time="0.007" timestamp="2014-04-22T20:51:28">
  <properties />
  <testcase classname="qitabapp.TypeDocumentTests" name="initializationError" time="0.006">
    <error message="No runnable methods" type="java.lang.Exception">java.lang.Exception: No runnable methods
</error>
>>>>>>> b1d2f92536b0dfee1611c308198af68fa528d825
  </testcase>
  <system-out><![CDATA[--Output from initializationError--
]]></system-out>
  <system-err><![CDATA[--Output from initializationError--
]]></system-err>
</testsuite>
