Testsuite: qitabapp.AuteurControllerTests
Tests run: 4, Failures: 2, Errors: 0, Time elapsed: 1,624 sec
------------- Standard Output ---------------
--Output from testShow--
--Output from testIndex--
--Output from testSave--
--Output from testList--
null
------------- ---------------- ---------------
------------- Standard Error -----------------
--Output from testShow--
--Output from testIndex--
--Output from testSave--
--Output from testList--
------------- ---------------- ---------------

Testcase: testShow took 1,085 sec
	FAILED
Assertion failed: 

assert auteur.save() != null
       |      |      |
       |      null   false
       qitabapp.Auteur@1425a69 (toString() == null)

junit.framework.AssertionFailedError: Assertion failed: 

assert auteur.save() != null
       |      |      |
       |      null   false
       qitabapp.Auteur@1425a69 (toString() == null)

	at qitabapp.AuteurControllerTests.testShow(AuteurControllerTests.groovy:56)

Testcase: testIndex took 0,173 sec
Testcase: testSave took 0,181 sec
	FAILED
Assertion failed: 

assert response.redirectedUrl == '/auteur/show/1'
       |        |             |
       |        null          false
       org.codehaus.groovy.grails.plugins.testing.GrailsMockHttpServletResponse@18b093

junit.framework.AssertionFailedError: Assertion failed: 

assert response.redirectedUrl == '/auteur/show/1'
       |        |             |
       |        null          false
       org.codehaus.groovy.grails.plugins.testing.GrailsMockHttpServletResponse@18b093

	at qitabapp.AuteurControllerTests.testSave(AuteurControllerTests.groovy:42)

Testcase: testList took 0,149 sec
