Testsuite: qitabapp.TypeDocumentTests
<<<<<<< HEAD
Tests run: 1, Failures: 1, Errors: 0, Time elapsed: 0,056 sec
=======
Tests run: 1, Failures: 0, Errors: 1, Time elapsed: 0,007 sec
>>>>>>> b1d2f92536b0dfee1611c308198af68fa528d825
------------- Standard Output ---------------
--Output from initializationError--
------------- ---------------- ---------------
------------- Standard Error -----------------
--Output from initializationError--
------------- ---------------- ---------------

<<<<<<< HEAD
Testcase: testSomething took 0,055 sec
	FAILED
junit.framework.AssertionFailedError: Implement me
junit.framework.AssertionFailedError: junit.framework.AssertionFailedError: Implement me
	at qitabapp.TypeDocumentTests.testSomething(TypeDocumentTests.groovy:15)
=======
Testcase: initializationError took 0,006 sec
	Caused an ERROR
No runnable methods
java.lang.Exception: No runnable methods
>>>>>>> b1d2f92536b0dfee1611c308198af68fa528d825

