Testsuite: qitabapp.ReservationControllerTests
Tests run: 4, Failures: 2, Errors: 0, Time elapsed: 1,61 sec
------------- Standard Output ---------------
--Output from testShow--
--Output from testIndex--
--Output from testSave--
--Output from testList--
------------- ---------------- ---------------
------------- Standard Error -----------------
--Output from testShow--
--Output from testIndex--
--Output from testSave--
--Output from testList--
------------- ---------------- ---------------

Testcase: testShow took 0,945 sec
	FAILED
Assertion failed: 

assert reservation.save() != null
       |           |      |
       |           null   false
       qitabapp.Reservation : (unsaved)

junit.framework.AssertionFailedError: Assertion failed: 

assert reservation.save() != null
       |           |      |
       |           null   false
       qitabapp.Reservation : (unsaved)

	at qitabapp.ReservationControllerTests.testShow(ReservationControllerTests.groovy:56)

Testcase: testIndex took 0,155 sec
Testcase: testSave took 0,218 sec
	FAILED
Assertion failed: 

assert response.redirectedUrl == '/reservation/show/1'
       |        |             |
       |        null          false
       org.codehaus.groovy.grails.plugins.testing.GrailsMockHttpServletResponse@1514164

junit.framework.AssertionFailedError: Assertion failed: 

assert response.redirectedUrl == '/reservation/show/1'
       |        |             |
       |        null          false
       org.codehaus.groovy.grails.plugins.testing.GrailsMockHttpServletResponse@1514164

	at qitabapp.ReservationControllerTests.testSave(ReservationControllerTests.groovy:42)

Testcase: testList took 0,274 sec
