Testsuite: qitabapp.LivreControllerTests
Tests run: 8, Failures: 3, Errors: 0, Time elapsed: 7,024 sec
------------- Standard Output ---------------
--Output from testIndex--
--Output from testList--
--Output from testRechercheLivre--
[:]
null
--Output from testRechercheParTitre--
[]
--Output from testSave--
--Output from testShow--
--Output from testRechercheParType--
--Output from testRechercheParAuteur--
------------- ---------------- ---------------
------------- Standard Error -----------------
--Output from testIndex--
--Output from testList--
--Output from testRechercheLivre--
--Output from testRechercheParTitre--
--Output from testSave--
--Output from testShow--
--Output from testRechercheParType--
--Output from testRechercheParAuteur--
------------- ---------------- ---------------

Testcase: testIndex took 3,634 sec
Testcase: testList took 1,158 sec
Testcase: testRechercheLivre took 0,291 sec
	FAILED
Assertion failed: 

assert response.redirectedUrl == "/livre/rechercheParAuteur"
       |        |             |
       |        |             false
       |        /livre/rechercheParType
       org.codehaus.groovy.grails.plugins.testing.GrailsMockHttpServletResponse@1091c6b

junit.framework.AssertionFailedError: Assertion failed: 

assert response.redirectedUrl == "/livre/rechercheParAuteur"
       |        |             |
       |        |             false
       |        /livre/rechercheParType
       org.codehaus.groovy.grails.plugins.testing.GrailsMockHttpServletResponse@1091c6b

	at qitabapp.LivreControllerTests.testRechercheLivre(LivreControllerTests.groovy:37)

Testcase: testRechercheParTitre took 0,296 sec
Testcase: testSave took 0,431 sec
	FAILED
Assertion failed: 

assert response.redirectedUrl == '/livre/show/1'
       |        |             |
       |        null          false
       org.codehaus.groovy.grails.plugins.testing.GrailsMockHttpServletResponse@38a39d

junit.framework.AssertionFailedError: Assertion failed: 

assert response.redirectedUrl == '/livre/show/1'
       |        |             |
       |        null          false
       org.codehaus.groovy.grails.plugins.testing.GrailsMockHttpServletResponse@38a39d

	at qitabapp.LivreControllerTests.testSave(LivreControllerTests.groovy:81)

Testcase: testShow took 0,798 sec
	FAILED
Assertion failed: 

assert livre.save() != null
       |     |      |
       |     null   false
       qitabapp.Livre@170aad8 (toString() == null)

junit.framework.AssertionFailedError: Assertion failed: 

assert livre.save() != null
       |     |      |
       |     null   false
       qitabapp.Livre@170aad8 (toString() == null)

	at qitabapp.LivreControllerTests.testShow(LivreControllerTests.groovy:95)

Testcase: testRechercheParType took 0,172 sec
Testcase: testRechercheParAuteur took 0,141 sec
